2020-07-20 15:12:56,676 - Null reference [template 'template/Entity.java.vm', line 32, column 12] : $column.comments cannot be resolved.
2020-07-20 15:12:56,678 - Null reference [template 'template/Entity.java.vm', line 32, column 12] : $column.comments cannot be resolved.
2020-07-20 15:12:56,678 - Null reference [template 'template/Entity.java.vm', line 32, column 12] : $column.comments cannot be resolved.
2020-07-20 15:12:56,678 - Null reference [template 'template/Entity.java.vm', line 32, column 12] : $column.comments cannot be resolved.
2020-07-20 15:12:56,678 - Null reference [template 'template/Entity.java.vm', line 32, column 12] : $column.comments cannot be resolved.
2020-07-20 15:14:57,260 - ResourceManager : found template/Dao.java.vm with loader org.apache.velocity.runtime.resource.loader.ClasspathResourceLoader
2020-07-20 15:14:57,261 - ResourceManager : found template/Dao.xml.vm with loader org.apache.velocity.runtime.resource.loader.ClasspathResourceLoader
2020-07-20 15:14:57,262 - ResourceManager : found template/Service.java.vm with loader org.apache.velocity.runtime.resource.loader.ClasspathResourceLoader
2020-07-20 15:14:57,263 - ResourceManager : found template/ServiceImpl.java.vm with loader org.apache.velocity.runtime.resource.loader.ClasspathResourceLoader
2020-07-20 15:14:57,270 - ResourceManager : found template/Controller.java.vm with loader org.apache.velocity.runtime.resource.loader.ClasspathResourceLoader
2020-07-20 15:14:57,271 - ResourceManager : found template/menu.sql.vm with loader org.apache.velocity.runtime.resource.loader.ClasspathResourceLoader
2020-07-20 15:14:57,275 - ResourceManager : found template/index.vue.vm with loader org.apache.velocity.runtime.resource.loader.ClasspathResourceLoader
2020-07-20 15:14:57,275 - Null reference [template 'template/index.vue.vm', line 30, column 16] : ${column.comments} cannot be resolved.
2020-07-20 15:14:57,275 - Null reference [template 'template/index.vue.vm', line 30, column 16] : ${column.comments} cannot be resolved.
2020-07-20 15:14:57,275 - Null reference [template 'template/index.vue.vm', line 30, column 16] : ${column.comments} cannot be resolved.
2020-07-20 15:14:57,275 - Null reference [template 'template/index.vue.vm', line 30, column 16] : ${column.comments} cannot be resolved.
2020-07-20 15:14:57,275 - Null reference [template 'template/index.vue.vm', line 30, column 16] : ${column.comments} cannot be resolved.
2020-07-20 15:14:57,276 - Null reference [template 'template/index.vue.vm', line 30, column 16] : ${column.comments} cannot be resolved.
2020-07-20 15:14:57,276 - Null reference [template 'template/index.vue.vm', line 30, column 16] : ${column.comments} cannot be resolved.
2020-07-20 15:14:57,276 - Null reference [template 'template/index.vue.vm', line 30, column 16] : ${column.comments} cannot be resolved.
2020-07-20 15:14:57,276 - Null reference [template 'template/index.vue.vm', line 30, column 16] : ${column.comments} cannot be resolved.
2020-07-20 15:14:57,276 - Null reference [template 'template/index.vue.vm', line 30, column 16] : ${column.comments} cannot be resolved.
2020-07-20 15:14:57,276 - Null reference [template 'template/index.vue.vm', line 30, column 16] : ${column.comments} cannot be resolved.
2020-07-20 15:14:57,276 - Null reference [template 'template/index.vue.vm', line 30, column 16] : ${column.comments} cannot be resolved.
2020-07-20 15:14:57,276 - Null reference [template 'template/index.vue.vm', line 124, column 16] : $refs.addOrUpdate.init(id) cannot be resolved.
2020-07-20 15:14:57,276 - Null reference [template 'template/index.vue.vm', line 140, column 24] : $http.adornData(ids, false) cannot be resolved.
2020-07-20 15:14:57,282 - ResourceManager : found template/add-or-update.vue.vm with loader org.apache.velocity.runtime.resource.loader.ClasspathResourceLoader
2020-07-20 15:14:57,282 - Null reference [template 'template/add-or-update.vue.vm', line 9, column 26] : ${column.comments} cannot be resolved.
2020-07-20 15:14:57,282 - Null reference [template 'template/add-or-update.vue.vm', line 10, column 68] : ${column.comments} cannot be resolved.
2020-07-20 15:14:57,282 - Null reference [template 'template/add-or-update.vue.vm', line 9, column 26] : ${column.comments} cannot be resolved.
2020-07-20 15:14:57,282 - Null reference [template 'template/add-or-update.vue.vm', line 10, column 68] : ${column.comments} cannot be resolved.
2020-07-20 15:14:57,282 - Null reference [template 'template/add-or-update.vue.vm', line 9, column 26] : ${column.comments} cannot be resolved.
2020-07-20 15:14:57,282 - Null reference [template 'template/add-or-update.vue.vm', line 10, column 68] : ${column.comments} cannot be resolved.
2020-07-20 15:14:57,282 - Null reference [template 'template/add-or-update.vue.vm', line 9, column 26] : ${column.comments} cannot be resolved.
2020-07-20 15:14:57,282 - Null reference [template 'template/add-or-update.vue.vm', line 10, column 68] : ${column.comments} cannot be resolved.
2020-07-20 15:14:57,282 - Null reference [template 'template/add-or-update.vue.vm', line 9, column 26] : ${column.comments} cannot be resolved.
2020-07-20 15:14:57,282 - Null reference [template 'template/add-or-update.vue.vm', line 10, column 68] : ${column.comments} cannot be resolved.
2020-07-20 15:14:57,282 - Null reference [template 'template/add-or-update.vue.vm', line 9, column 26] : ${column.comments} cannot be resolved.
2020-07-20 15:14:57,282 - Null reference [template 'template/add-or-update.vue.vm', line 10, column 68] : ${column.comments} cannot be resolved.
2020-07-20 15:14:57,282 - Null reference [template 'template/add-or-update.vue.vm', line 9, column 26] : ${column.comments} cannot be resolved.
2020-07-20 15:14:57,282 - Null reference [template 'template/add-or-update.vue.vm', line 10, column 68] : ${column.comments} cannot be resolved.
2020-07-20 15:14:57,282 - Null reference [template 'template/add-or-update.vue.vm', line 9, column 26] : ${column.comments} cannot be resolved.
2020-07-20 15:14:57,282 - Null reference [template 'template/add-or-update.vue.vm', line 10, column 68] : ${column.comments} cannot be resolved.
2020-07-20 15:14:57,282 - Null reference [template 'template/add-or-update.vue.vm', line 9, column 26] : ${column.comments} cannot be resolved.
2020-07-20 15:14:57,282 - Null reference [template 'template/add-or-update.vue.vm', line 10, column 68] : ${column.comments} cannot be resolved.
2020-07-20 15:14:57,282 - Null reference [template 'template/add-or-update.vue.vm', line 9, column 26] : ${column.comments} cannot be resolved.
2020-07-20 15:14:57,283 - Null reference [template 'template/add-or-update.vue.vm', line 10, column 68] : ${column.comments} cannot be resolved.
2020-07-20 15:14:57,283 - Null reference [template 'template/add-or-update.vue.vm', line 9, column 26] : ${column.comments} cannot be resolved.
2020-07-20 15:14:57,283 - Null reference [template 'template/add-or-update.vue.vm', line 10, column 68] : ${column.comments} cannot be resolved.
2020-07-20 15:14:57,288 - Null reference [template 'template/add-or-update.vue.vm', line 41, column 41] : ${column.comments} cannot be resolved.
2020-07-20 15:14:57,288 - Null reference [template 'template/add-or-update.vue.vm', line 41, column 41] : ${column.comments} cannot be resolved.
2020-07-20 15:14:57,288 - Null reference [template 'template/add-or-update.vue.vm', line 41, column 41] : ${column.comments} cannot be resolved.
2020-07-20 15:14:57,288 - Null reference [template 'template/add-or-update.vue.vm', line 41, column 41] : ${column.comments} cannot be resolved.
2020-07-20 15:14:57,288 - Null reference [template 'template/add-or-update.vue.vm', line 41, column 41] : ${column.comments} cannot be resolved.
2020-07-20 15:14:57,288 - Null reference [template 'template/add-or-update.vue.vm', line 41, column 41] : ${column.comments} cannot be resolved.
2020-07-20 15:14:57,288 - Null reference [template 'template/add-or-update.vue.vm', line 41, column 41] : ${column.comments} cannot be resolved.
2020-07-20 15:14:57,288 - Null reference [template 'template/add-or-update.vue.vm', line 41, column 41] : ${column.comments} cannot be resolved.
2020-07-20 15:14:57,288 - Null reference [template 'template/add-or-update.vue.vm', line 41, column 41] : ${column.comments} cannot be resolved.
2020-07-20 15:14:57,294 - Null reference [template 'template/add-or-update.vue.vm', line 41, column 41] : ${column.comments} cannot be resolved.
2020-07-20 15:14:57,294 - Null reference [template 'template/add-or-update.vue.vm', line 41, column 41] : ${column.comments} cannot be resolved.
2020-07-20 15:14:57,294 - Null reference [template 'template/add-or-update.vue.vm', line 53, column 14] : $nextTick cannot be resolved.
2020-07-20 15:14:57,294 - Null reference [template 'template/add-or-update.vue.vm', line 54, column 16] : $refs['dataForm'].resetFields() cannot be resolved.
2020-07-20 15:14:57,294 - Null reference [template 'template/add-or-update.vue.vm', line 56, column 18] : $http cannot be resolved.
2020-07-20 15:14:57,294 - Null reference [template 'template/add-or-update.vue.vm', line 76, column 18] : $http cannot be resolved.
2020-07-20 15:14:57,321 - ResourceManager : found template/Entity.java.vm with loader org.apache.velocity.runtime.resource.loader.ClasspathResourceLoader
2020-07-20 15:14:57,321 - Null reference [template 'template/Entity.java.vm', line 32, column 12] : $column.comments cannot be resolved.
2020-07-20 15:14:57,321 - Null reference [template 'template/Entity.java.vm', line 32, column 12] : $column.comments cannot be resolved.
2020-07-20 15:14:57,322 - Null reference [template 'template/Entity.java.vm', line 32, column 12] : $column.comments cannot be resolved.
2020-07-20 15:14:57,322 - Null reference [template 'template/Entity.java.vm', line 32, column 12] : $column.comments cannot be resolved.
2020-07-20 15:14:57,322 - Null reference [template 'template/Entity.java.vm', line 32, column 12] : $column.comments cannot be resolved.
2020-07-20 15:14:57,322 - Null reference [template 'template/Entity.java.vm', line 32, column 12] : $column.comments cannot be resolved.
2020-07-20 15:14:57,322 - Null reference [template 'template/Entity.java.vm', line 32, column 12] : $column.comments cannot be resolved.
2020-07-20 15:14:57,322 - Null reference [template 'template/Entity.java.vm', line 32, column 12] : $column.comments cannot be resolved.
2020-07-20 15:14:57,322 - Null reference [template 'template/Entity.java.vm', line 32, column 12] : $column.comments cannot be resolved.
2020-07-20 15:14:57,322 - Null reference [template 'template/Entity.java.vm', line 32, column 12] : $column.comments cannot be resolved.
2020-07-20 15:14:57,322 - Null reference [template 'template/Entity.java.vm', line 32, column 12] : $column.comments cannot be resolved.
2020-07-20 15:14:57,322 - Null reference [template 'template/Entity.java.vm', line 32, column 12] : $column.comments cannot be resolved.
2020-07-20 15:14:57,322 - Null reference [template 'template/Entity.java.vm', line 32, column 12] : $column.comments cannot be resolved.
2020-07-20 15:14:57,322 - Null reference [template 'template/Entity.java.vm', line 32, column 12] : $column.comments cannot be resolved.
2020-07-20 15:14:57,322 - Null reference [template 'template/Entity.java.vm', line 32, column 12] : $column.comments cannot be resolved.
2020-07-20 15:14:57,323 - ResourceManager : found template/Dao.java.vm with loader org.apache.velocity.runtime.resource.loader.ClasspathResourceLoader
2020-07-20 15:14:57,324 - ResourceManager : found template/Dao.xml.vm with loader org.apache.velocity.runtime.resource.loader.ClasspathResourceLoader
2020-07-20 15:14:57,325 - ResourceManager : found template/Service.java.vm with loader org.apache.velocity.runtime.resource.loader.ClasspathResourceLoader
2020-07-20 15:14:57,326 - ResourceManager : found template/ServiceImpl.java.vm with loader org.apache.velocity.runtime.resource.loader.ClasspathResourceLoader
2020-07-20 15:14:57,328 - ResourceManager : found template/Controller.java.vm with loader org.apache.velocity.runtime.resource.loader.ClasspathResourceLoader
2020-07-20 15:14:57,329 - ResourceManager : found template/menu.sql.vm with loader org.apache.velocity.runtime.resource.loader.ClasspathResourceLoader
2020-07-20 15:14:57,331 - ResourceManager : found template/index.vue.vm with loader org.apache.velocity.runtime.resource.loader.ClasspathResourceLoader
2020-07-20 15:14:57,331 - Null reference [template 'template/index.vue.vm', line 30, column 16] : ${column.comments} cannot be resolved.
2020-07-20 15:14:57,331 - Null reference [template 'template/index.vue.vm', line 30, column 16] : ${column.comments} cannot be resolved.
2020-07-20 15:14:57,331 - Null reference [template 'template/index.vue.vm', line 30, column 16] : ${column.comments} cannot be resolved.
2020-07-20 15:14:57,331 - Null reference [template 'template/index.vue.vm', line 30, column 16] : ${column.comments} cannot be resolved.
2020-07-20 15:14:57,331 - Null reference [template 'template/index.vue.vm', line 30, column 16] : ${column.comments} cannot be resolved.
2020-07-20 15:14:57,331 - Null reference [template 'template/index.vue.vm', line 30, column 16] : ${column.comments} cannot be resolved.
2020-07-20 15:14:57,331 - Null reference [template 'template/index.vue.vm', line 30, column 16] : ${column.comments} cannot be resolved.
2020-07-20 15:14:57,331 - Null reference [template 'template/index.vue.vm', line 30, column 16] : ${column.comments} cannot be resolved.
2020-07-20 15:14:57,332 - Null reference [template 'template/index.vue.vm', line 30, column 16] : ${column.comments} cannot be resolved.
2020-07-20 15:14:57,332 - Null reference [template 'template/index.vue.vm', line 30, column 16] : ${column.comments} cannot be resolved.
2020-07-20 15:14:57,332 - Null reference [template 'template/index.vue.vm', line 30, column 16] : ${column.comments} cannot be resolved.
2020-07-20 15:14:57,332 - Null reference [template 'template/index.vue.vm', line 30, column 16] : ${column.comments} cannot be resolved.
2020-07-20 15:14:57,332 - Null reference [template 'template/index.vue.vm', line 30, column 16] : ${column.comments} cannot be resolved.
2020-07-20 15:14:57,332 - Null reference [template 'template/index.vue.vm', line 30, column 16] : ${column.comments} cannot be resolved.
2020-07-20 15:14:57,332 - Null reference [template 'template/index.vue.vm', line 30, column 16] : ${column.comments} cannot be resolved.
2020-07-20 15:14:57,332 - Null reference [template 'template/index.vue.vm', line 124, column 16] : $refs.addOrUpdate.init(id) cannot be resolved.
2020-07-20 15:14:57,332 - Null reference [template 'template/index.vue.vm', line 140, column 24] : $http.adornData(ids, false) cannot be resolved.
2020-07-20 15:14:57,335 - ResourceManager : found template/add-or-update.vue.vm with loader org.apache.velocity.runtime.resource.loader.ClasspathResourceLoader
2020-07-20 15:14:57,335 - Null reference [template 'template/add-or-update.vue.vm', line 9, column 26] : ${column.comments} cannot be resolved.
2020-07-20 15:14:57,335 - Null reference [template 'template/add-or-update.vue.vm', line 10, column 68] : ${column.comments} cannot be resolved.
2020-07-20 15:14:57,336 - Null reference [template 'template/add-or-update.vue.vm', line 9, column 26] : ${column.comments} cannot be resolved.
2020-07-20 15:14:57,336 - Null reference [template 'template/add-or-update.vue.vm', line 10, column 68] : ${column.comments} cannot be resolved.
2020-07-20 15:14:57,336 - Null reference [template 'template/add-or-update.vue.vm', line 9, column 26] : ${column.comments} cannot be resolved.
2020-07-20 15:14:57,336 - Null reference [template 'template/add-or-update.vue.vm', line 10, column 68] : ${column.comments} cannot be resolved.
2020-07-20 15:14:57,336 - Null reference [template 'template/add-or-update.vue.vm', line 9, column 26] : ${column.comments} cannot be resolved.
2020-07-20 15:14:57,336 - Null reference [template 'template/add-or-update.vue.vm', line 10, column 68] : ${column.comments} cannot be resolved.
2020-07-20 15:14:57,336 - Null reference [template 'template/add-or-update.vue.vm', line 9, column 26] : ${column.comments} cannot be resolved.
2020-07-20 15:14:57,336 - Null reference [template 'template/add-or-update.vue.vm', line 10, column 68] : ${column.comments} cannot be resolved.
2020-07-20 15:14:57,336 - Null reference [template 'template/add-or-update.vue.vm', line 9, column 26] : ${column.comments} cannot be resolved.
2020-07-20 15:14:57,336 - Null reference [template 'template/add-or-update.vue.vm', line 10, column 68] : ${column.comments} cannot be resolved.
2020-07-20 15:14:57,336 - Null reference [template 'template/add-or-update.vue.vm', line 9, column 26] : ${column.comments} cannot be resolved.
2020-07-20 15:14:57,336 - Null reference [template 'template/add-or-update.vue.vm', line 10, column 68] : ${column.comments} cannot be resolved.
2020-07-20 15:14:57,336 - Null reference [template 'template/add-or-update.vue.vm', line 9, column 26] : ${column.comments} cannot be resolved.
2020-07-20 15:14:57,336 - Null reference [template 'template/add-or-update.vue.vm', line 10, column 68] : ${column.comments} cannot be resolved.
2020-07-20 15:14:57,336 - Null reference [template 'template/add-or-update.vue.vm', line 9, column 26] : ${column.comments} cannot be resolved.
2020-07-20 15:14:57,336 - Null reference [template 'template/add-or-update.vue.vm', line 10, column 68] : ${column.comments} cannot be resolved.
2020-07-20 15:14:57,336 - Null reference [template 'template/add-or-update.vue.vm', line 9, column 26] : ${column.comments} cannot be resolved.
2020-07-20 15:14:57,336 - Null reference [template 'template/add-or-update.vue.vm', line 10, column 68] : ${column.comments} cannot be resolved.
2020-07-20 15:14:57,336 - Null reference [template 'template/add-or-update.vue.vm', line 9, column 26] : ${column.comments} cannot be resolved.
2020-07-20 15:14:57,336 - Null reference [template 'template/add-or-update.vue.vm', line 10, column 68] : ${column.comments} cannot be resolved.
2020-07-20 15:14:57,336 - Null reference [template 'template/add-or-update.vue.vm', line 9, column 26] : ${column.comments} cannot be resolved.
2020-07-20 15:14:57,336 - Null reference [template 'template/add-or-update.vue.vm', line 10, column 68] : ${column.comments} cannot be resolved.
2020-07-20 15:14:57,336 - Null reference [template 'template/add-or-update.vue.vm', line 9, column 26] : ${column.comments} cannot be resolved.
2020-07-20 15:14:57,336 - Null reference [template 'template/add-or-update.vue.vm', line 10, column 68] : ${column.comments} cannot be resolved.
2020-07-20 15:14:57,336 - Null reference [template 'template/add-or-update.vue.vm', line 9, column 26] : ${column.comments} cannot be resolved.
2020-07-20 15:14:57,336 - Null reference [template 'template/add-or-update.vue.vm', line 10, column 68] : ${column.comments} cannot be resolved.
2020-07-20 15:14:57,337 - Null reference [template 'template/add-or-update.vue.vm', line 41, column 41] : ${column.comments} cannot be resolved.
2020-07-20 15:14:57,337 - Null reference [template 'template/add-or-update.vue.vm', line 41, column 41] : ${column.comments} cannot be resolved.
2020-07-20 15:14:57,337 - Null reference [template 'template/add-or-update.vue.vm', line 41, column 41] : ${column.comments} cannot be resolved.
2020-07-20 15:14:57,337 - Null reference [template 'template/add-or-update.vue.vm', line 41, column 41] : ${column.comments} cannot be resolved.
2020-07-20 15:14:57,337 - Null reference [template 'template/add-or-update.vue.vm', line 41, column 41] : ${column.comments} cannot be resolved.
2020-07-20 15:14:57,337 - Null reference [template 'template/add-or-update.vue.vm', line 41, column 41] : ${column.comments} cannot be resolved.
2020-07-20 15:14:57,337 - Null reference [template 'template/add-or-update.vue.vm', line 41, column 41] : ${column.comments} cannot be resolved.
2020-07-20 15:14:57,337 - Null reference [template 'template/add-or-update.vue.vm', line 41, column 41] : ${column.comments} cannot be resolved.
2020-07-20 15:14:57,337 - Null reference [template 'template/add-or-update.vue.vm', line 41, column 41] : ${column.comments} cannot be resolved.
2020-07-20 15:14:57,337 - Null reference [template 'template/add-or-update.vue.vm', line 41, column 41] : ${column.comments} cannot be resolved.
2020-07-20 15:14:57,337 - Null reference [template 'template/add-or-update.vue.vm', line 41, column 41] : ${column.comments} cannot be resolved.
2020-07-20 15:14:57,337 - Null reference [template 'template/add-or-update.vue.vm', line 41, column 41] : ${column.comments} cannot be resolved.
2020-07-20 15:14:57,337 - Null reference [template 'template/add-or-update.vue.vm', line 41, column 41] : ${column.comments} cannot be resolved.
2020-07-20 15:14:57,337 - Null reference [template 'template/add-or-update.vue.vm', line 41, column 41] : ${column.comments} cannot be resolved.
2020-07-20 15:14:57,337 - Null reference [template 'template/add-or-update.vue.vm', line 53, column 14] : $nextTick cannot be resolved.
2020-07-20 15:14:57,337 - Null reference [template 'template/add-or-update.vue.vm', line 54, column 16] : $refs['dataForm'].resetFields() cannot be resolved.
2020-07-20 15:14:57,337 - Null reference [template 'template/add-or-update.vue.vm', line 56, column 18] : $http cannot be resolved.
2020-07-20 15:14:57,337 - Null reference [template 'template/add-or-update.vue.vm', line 76, column 18] : $http cannot be resolved.
2020-07-20 15:14:57,358 - ResourceManager : found template/Entity.java.vm with loader org.apache.velocity.runtime.resource.loader.ClasspathResourceLoader
2020-07-20 15:14:57,358 - Null reference [template 'template/Entity.java.vm', line 32, column 12] : $column.comments cannot be resolved.
2020-07-20 15:14:57,358 - Null reference [template 'template/Entity.java.vm', line 32, column 12] : $column.comments cannot be resolved.
2020-07-20 15:14:57,358 - Null reference [template 'template/Entity.java.vm', line 32, column 12] : $column.comments cannot be resolved.
2020-07-20 15:14:57,358 - Null reference [template 'template/Entity.java.vm', line 32, column 12] : $column.comments cannot be resolved.
2020-07-20 15:14:57,358 - Null reference [template 'template/Entity.java.vm', line 32, column 12] : $column.comments cannot be resolved.
2020-07-20 15:14:57,358 - Null reference [template 'template/Entity.java.vm', line 32, column 12] : $column.comments cannot be resolved.
2020-07-20 15:14:57,358 - Null reference [template 'template/Entity.java.vm', line 32, column 12] : $column.comments cannot be resolved.
2020-07-20 15:14:57,359 - ResourceManager : found template/Dao.java.vm with loader org.apache.velocity.runtime.resource.loader.ClasspathResourceLoader
2020-07-20 15:14:57,360 - ResourceManager : found template/Dao.xml.vm with loader org.apache.velocity.runtime.resource.loader.ClasspathResourceLoader
2020-07-20 15:14:57,361 - ResourceManager : found template/Service.java.vm with loader org.apache.velocity.runtime.resource.loader.ClasspathResourceLoader
2020-07-20 15:14:57,362 - ResourceManager : found template/ServiceImpl.java.vm with loader org.apache.velocity.runtime.resource.loader.ClasspathResourceLoader
2020-07-20 15:14:57,365 - ResourceManager : found template/Controller.java.vm with loader org.apache.velocity.runtime.resource.loader.ClasspathResourceLoader
2020-07-20 15:14:57,366 - ResourceManager : found template/menu.sql.vm with loader org.apache.velocity.runtime.resource.loader.ClasspathResourceLoader
2020-07-20 15:14:57,368 - ResourceManager : found template/index.vue.vm with loader org.apache.velocity.runtime.resource.loader.ClasspathResourceLoader
2020-07-20 15:14:57,368 - Null reference [template 'template/index.vue.vm', line 30, column 16] : ${column.comments} cannot be resolved.
2020-07-20 15:14:57,368 - Null reference [template 'template/index.vue.vm', line 30, column 16] : ${column.comments} cannot be resolved.
2020-07-20 15:14:57,368 - Null reference [template 'template/index.vue.vm', line 30, column 16] : ${column.comments} cannot be resolved.
2020-07-20 15:14:57,368 - Null reference [template 'template/index.vue.vm', line 30, column 16] : ${column.comments} cannot be resolved.
2020-07-20 15:14:57,368 - Null reference [template 'template/index.vue.vm', line 30, column 16] : ${column.comments} cannot be resolved.
2020-07-20 15:14:57,368 - Null reference [template 'template/index.vue.vm', line 30, column 16] : ${column.comments} cannot be resolved.
2020-07-20 15:14:57,368 - Null reference [template 'template/index.vue.vm', line 30, column 16] : ${column.comments} cannot be resolved.
2020-07-20 15:14:57,368 - Null reference [template 'template/index.vue.vm', line 124, column 16] : $refs.addOrUpdate.init(id) cannot be resolved.
2020-07-20 15:14:57,368 - Null reference [template 'template/index.vue.vm', line 140, column 24] : $http.adornData(ids, false) cannot be resolved.
2020-07-20 15:14:57,372 - ResourceManager : found template/add-or-update.vue.vm with loader org.apache.velocity.runtime.resource.loader.ClasspathResourceLoader
2020-07-20 15:14:57,372 - Null reference [template 'template/add-or-update.vue.vm', line 9, column 26] : ${column.comments} cannot be resolved.
2020-07-20 15:14:57,372 - Null reference [template 'template/add-or-update.vue.vm', line 10, column 68] : ${column.comments} cannot be resolved.
2020-07-20 15:14:57,372 - Null reference [template 'template/add-or-update.vue.vm', line 9, column 26] : ${column.comments} cannot be resolved.
2020-07-20 15:14:57,372 - Null reference [template 'template/add-or-update.vue.vm', line 10, column 68] : ${column.comments} cannot be resolved.
2020-07-20 15:14:57,372 - Null reference [template 'template/add-or-update.vue.vm', line 9, column 26] : ${column.comments} cannot be resolved.
2020-07-20 15:14:57,372 - Null reference [template 'template/add-or-update.vue.vm', line 10, column 68] : ${column.comments} cannot be resolved.
2020-07-20 15:14:57,372 - Null reference [template 'template/add-or-update.vue.vm', line 9, column 26] : ${column.comments} cannot be resolved.
2020-07-20 15:14:57,372 - Null reference [template 'template/add-or-update.vue.vm', line 10, column 68] : ${column.comments} cannot be resolved.
2020-07-20 15:14:57,372 - Null reference [template 'template/add-or-update.vue.vm', line 9, column 26] : ${column.comments} cannot be resolved.
2020-07-20 15:14:57,372 - Null reference [template 'template/add-or-update.vue.vm', line 10, column 68] : ${column.comments} cannot be resolved.
2020-07-20 15:14:57,372 - Null reference [template 'template/add-or-update.vue.vm', line 9, column 26] : ${column.comments} cannot be resolved.
2020-07-20 15:14:57,372 - Null reference [template 'template/add-or-update.vue.vm', line 10, column 68] : ${column.comments} cannot be resolved.
2020-07-20 15:14:57,372 - Null reference [template 'template/add-or-update.vue.vm', line 41, column 41] : ${column.comments} cannot be resolved.
2020-07-20 15:14:57,372 - Null reference [template 'template/add-or-update.vue.vm', line 41, column 41] : ${column.comments} cannot be resolved.
2020-07-20 15:14:57,372 - Null reference [template 'template/add-or-update.vue.vm', line 41, column 41] : ${column.comments} cannot be resolved.
2020-07-20 15:14:57,372 - Null reference [template 'template/add-or-update.vue.vm', line 41, column 41] : ${column.comments} cannot be resolved.
2020-07-20 15:14:57,372 - Null reference [template 'template/add-or-update.vue.vm', line 41, column 41] : ${column.comments} cannot be resolved.
2020-07-20 15:14:57,372 - Null reference [template 'template/add-or-update.vue.vm', line 41, column 41] : ${column.comments} cannot be resolved.
2020-07-20 15:14:57,372 - Null reference [template 'template/add-or-update.vue.vm', line 53, column 14] : $nextTick cannot be resolved.
2020-07-20 15:14:57,372 - Null reference [template 'template/add-or-update.vue.vm', line 54, column 16] : $refs['dataForm'].resetFields() cannot be resolved.
2020-07-20 15:14:57,372 - Null reference [template 'template/add-or-update.vue.vm', line 56, column 18] : $http cannot be resolved.
2020-07-20 15:14:57,373 - Null reference [template 'template/add-or-update.vue.vm', line 76, column 18] : $http cannot be resolved.
2020-07-20 15:16:56,451 - Log4JLogChute initialized using file 'velocity.log'
2020-07-20 15:16:56,451 - Initializing Velocity, Calling init()...
2020-07-20 15:16:56,451 - Starting Apache Velocity v1.7 (compiled: 2010-11-19 12:14:37)
2020-07-20 15:16:56,451 - Default Properties File: org\apache\velocity\runtime\defaults\velocity.properties
2020-07-20 15:16:56,451 - Trying to use logger class org.apache.velocity.runtime.log.AvalonLogChute
2020-07-20 15:16:56,451 - Target log system for org.apache.velocity.runtime.log.AvalonLogChute is not available (java.lang.NoClassDefFoundError: org/apache/log/format/Formatter).  Falling back to next log system...
2020-07-20 15:16:56,451 - Trying to use logger class org.apache.velocity.runtime.log.Log4JLogChute
2020-07-20 15:16:56,451 - Using logger class org.apache.velocity.runtime.log.Log4JLogChute
2020-07-20 15:16:56,461 - ResourceLoader instantiated: org.apache.velocity.runtime.resource.loader.ClasspathResourceLoader
2020-07-20 15:16:56,486 - ResourceCache: initialized (class org.apache.velocity.runtime.resource.ResourceCacheImpl) with class java.util.Collections$SynchronizedMap cache map.
2020-07-20 15:16:56,491 - Loaded System Directive: org.apache.velocity.runtime.directive.Stop
2020-07-20 15:16:56,494 - Loaded System Directive: org.apache.velocity.runtime.directive.Define
2020-07-20 15:16:56,496 - Loaded System Directive: org.apache.velocity.runtime.directive.Break
2020-07-20 15:16:56,498 - Loaded System Directive: org.apache.velocity.runtime.directive.Evaluate
2020-07-20 15:16:56,500 - Loaded System Directive: org.apache.velocity.runtime.directive.Literal
2020-07-20 15:16:56,504 - Loaded System Directive: org.apache.velocity.runtime.directive.Macro
2020-07-20 15:16:56,507 - Loaded System Directive: org.apache.velocity.runtime.directive.Parse
2020-07-20 15:16:56,512 - Loaded System Directive: org.apache.velocity.runtime.directive.Include
2020-07-20 15:16:56,514 - Loaded System Directive: org.apache.velocity.runtime.directive.Foreach
2020-07-20 15:16:56,561 - Created '20' parsers.
2020-07-20 15:16:56,586 - Velocimacro : "velocimacro.library" is not set.  Trying default library: VM_global_library.vm
2020-07-20 15:16:56,589 - Could not load resource 'VM_global_library.vm' from ResourceLoader org.apache.velocity.runtime.resource.loader.ClasspathResourceLoader: ClasspathResourceLoader Error: cannot find resource VM_global_library.vm
2020-07-20 15:16:56,589 - Velocimacro : Default library not found.
2020-07-20 15:16:56,589 - Velocimacro : allowInline = true : VMs can be defined inline in templates
2020-07-20 15:16:56,589 - Velocimacro : allowInlineToOverride = false : VMs defined inline may NOT replace previous VM definitions
2020-07-20 15:16:56,589 - Velocimacro : allowInlineLocal = false : VMs defined inline will be global in scope if allowed.
2020-07-20 15:16:56,590 - Velocimacro : autoload off : VM system will not automatically reload global library macros
2020-07-20 15:16:59,178 - ResourceManager : found template/Model.java.vm with loader org.apache.velocity.runtime.resource.loader.ClasspathResourceLoader
2020-07-20 15:16:59,184 - Null reference [template 'template/Model.java.vm', line 32, column 12] : $column.comments cannot be resolved.
2020-07-20 15:16:59,184 - Null reference [template 'template/Model.java.vm', line 32, column 12] : $column.comments cannot be resolved.
2020-07-20 15:16:59,184 - Null reference [template 'template/Model.java.vm', line 32, column 12] : $column.comments cannot be resolved.
2020-07-20 15:16:59,184 - Null reference [template 'template/Model.java.vm', line 32, column 12] : $column.comments cannot be resolved.
2020-07-20 15:16:59,184 - Null reference [template 'template/Model.java.vm', line 32, column 12] : $column.comments cannot be resolved.
2020-07-20 15:16:59,184 - Null reference [template 'template/Model.java.vm', line 32, column 12] : $column.comments cannot be resolved.
2020-07-20 15:16:59,184 - Null reference [template 'template/Model.java.vm', line 32, column 12] : $column.comments cannot be resolved.
2020-07-20 15:16:59,184 - Null reference [template 'template/Model.java.vm', line 32, column 12] : $column.comments cannot be resolved.
2020-07-20 15:16:59,185 - Null reference [template 'template/Model.java.vm', line 32, column 12] : $column.comments cannot be resolved.
2020-07-20 15:16:59,185 - Null reference [template 'template/Model.java.vm', line 32, column 12] : $column.comments cannot be resolved.
2020-07-20 15:16:59,185 - Null reference [template 'template/Model.java.vm', line 32, column 12] : $column.comments cannot be resolved.
2020-07-20 15:16:59,185 - Null reference [template 'template/Model.java.vm', line 32, column 12] : $column.comments cannot be resolved.
2020-07-20 15:18:09,733 - ResourceManager : found template/Model.java.vm with loader org.apache.velocity.runtime.resource.loader.ClasspathResourceLoader
2020-07-20 15:18:09,734 - Null reference [template 'template/Model.java.vm', line 16, column 4] : ${comments} cannot be resolved.
2020-07-20 15:18:09,734 - Null reference [template 'template/Model.java.vm', line 32, column 12] : $column.comments cannot be resolved.
2020-07-20 15:18:09,734 - Null reference [template 'template/Model.java.vm', line 32, column 12] : $column.comments cannot be resolved.
2020-07-20 15:18:09,734 - Null reference [template 'template/Model.java.vm', line 32, column 12] : $column.comments cannot be resolved.
2020-07-20 15:18:09,735 - Null reference [template 'template/Model.java.vm', line 32, column 12] : $column.comments cannot be resolved.
2020-07-20 15:18:09,735 - Null reference [template 'template/Model.java.vm', line 32, column 12] : $column.comments cannot be resolved.
2020-07-20 15:18:09,735 - Null reference [template 'template/Model.java.vm', line 32, column 12] : $column.comments cannot be resolved.
2020-07-20 15:18:09,735 - Null reference [template 'template/Model.java.vm', line 32, column 12] : $column.comments cannot be resolved.
2020-07-20 15:18:09,735 - Null reference [template 'template/Model.java.vm', line 32, column 12] : $column.comments cannot be resolved.
2020-07-20 15:18:09,735 - Null reference [template 'template/Model.java.vm', line 32, column 12] : $column.comments cannot be resolved.
2020-07-20 15:18:33,590 - ResourceManager : found template/Model.java.vm with loader org.apache.velocity.runtime.resource.loader.ClasspathResourceLoader
2020-07-20 15:18:33,590 - Null reference [template 'template/Model.java.vm', line 16, column 4] : ${comments} cannot be resolved.
2020-07-20 15:18:33,590 - Null reference [template 'template/Model.java.vm', line 32, column 12] : $column.comments cannot be resolved.
2020-07-20 15:18:33,590 - Null reference [template 'template/Model.java.vm', line 32, column 12] : $column.comments cannot be resolved.
2020-07-20 15:18:33,590 - Null reference [template 'template/Model.java.vm', line 32, column 12] : $column.comments cannot be resolved.
2020-07-20 15:18:33,590 - Null reference [template 'template/Model.java.vm', line 32, column 12] : $column.comments cannot be resolved.
2020-07-20 15:18:33,590 - Null reference [template 'template/Model.java.vm', line 32, column 12] : $column.comments cannot be resolved.
2020-07-20 15:18:33,590 - Null reference [template 'template/Model.java.vm', line 32, column 12] : $column.comments cannot be resolved.
2020-07-20 15:18:33,591 - Null reference [template 'template/Model.java.vm', line 32, column 12] : $column.comments cannot be resolved.
2020-07-20 15:18:33,591 - Null reference [template 'template/Model.java.vm', line 32, column 12] : $column.comments cannot be resolved.
2020-07-20 15:18:33,591 - Null reference [template 'template/Model.java.vm', line 32, column 12] : $column.comments cannot be resolved.
2020-07-20 15:21:09,955 - Log4JLogChute initialized using file 'velocity.log'
2020-07-20 15:21:09,956 - Initializing Velocity, Calling init()...
2020-07-20 15:21:09,956 - Starting Apache Velocity v1.7 (compiled: 2010-11-19 12:14:37)
2020-07-20 15:21:09,956 - Default Properties File: org\apache\velocity\runtime\defaults\velocity.properties
2020-07-20 15:21:09,956 - Trying to use logger class org.apache.velocity.runtime.log.AvalonLogChute
2020-07-20 15:21:09,956 - Target log system for org.apache.velocity.runtime.log.AvalonLogChute is not available (java.lang.NoClassDefFoundError: org/apache/log/format/Formatter).  Falling back to next log system...
2020-07-20 15:21:09,956 - Trying to use logger class org.apache.velocity.runtime.log.Log4JLogChute
2020-07-20 15:21:09,956 - Using logger class org.apache.velocity.runtime.log.Log4JLogChute
2020-07-20 15:21:09,963 - ResourceLoader instantiated: org.apache.velocity.runtime.resource.loader.ClasspathResourceLoader
2020-07-20 15:21:09,977 - ResourceCache: initialized (class org.apache.velocity.runtime.resource.ResourceCacheImpl) with class java.util.Collections$SynchronizedMap cache map.
2020-07-20 15:21:09,979 - Loaded System Directive: org.apache.velocity.runtime.directive.Stop
2020-07-20 15:21:09,983 - Loaded System Directive: org.apache.velocity.runtime.directive.Define
2020-07-20 15:21:09,985 - Loaded System Directive: org.apache.velocity.runtime.directive.Break
2020-07-20 15:21:09,988 - Loaded System Directive: org.apache.velocity.runtime.directive.Evaluate
2020-07-20 15:21:09,989 - Loaded System Directive: org.apache.velocity.runtime.directive.Literal
2020-07-20 15:21:09,991 - Loaded System Directive: org.apache.velocity.runtime.directive.Macro
2020-07-20 15:21:09,993 - Loaded System Directive: org.apache.velocity.runtime.directive.Parse
2020-07-20 15:21:09,996 - Loaded System Directive: org.apache.velocity.runtime.directive.Include
2020-07-20 15:21:09,998 - Loaded System Directive: org.apache.velocity.runtime.directive.Foreach
2020-07-20 15:21:10,037 - Created '20' parsers.
2020-07-20 15:21:10,055 - Velocimacro : "velocimacro.library" is not set.  Trying default library: VM_global_library.vm
2020-07-20 15:21:10,055 - Could not load resource 'VM_global_library.vm' from ResourceLoader org.apache.velocity.runtime.resource.loader.ClasspathResourceLoader: ClasspathResourceLoader Error: cannot find resource VM_global_library.vm
2020-07-20 15:21:10,055 - Velocimacro : Default library not found.
2020-07-20 15:21:10,055 - Velocimacro : allowInline = true : VMs can be defined inline in templates
2020-07-20 15:21:10,055 - Velocimacro : allowInlineToOverride = false : VMs defined inline may NOT replace previous VM definitions
2020-07-20 15:21:10,055 - Velocimacro : allowInlineLocal = false : VMs defined inline will be global in scope if allowed.
2020-07-20 15:21:10,055 - Velocimacro : autoload off : VM system will not automatically reload global library macros
2020-07-20 15:21:10,060 - ResourceManager : unable to find resource 'template/Model.java.vm' in any resource loader.
2020-07-20 15:22:18,118 - Log4JLogChute initialized using file 'velocity.log'
2020-07-20 15:22:18,118 - Initializing Velocity, Calling init()...
2020-07-20 15:22:18,118 - Starting Apache Velocity v1.7 (compiled: 2010-11-19 12:14:37)
2020-07-20 15:22:18,118 - Default Properties File: org\apache\velocity\runtime\defaults\velocity.properties
2020-07-20 15:22:18,118 - Trying to use logger class org.apache.velocity.runtime.log.AvalonLogChute
2020-07-20 15:22:18,118 - Target log system for org.apache.velocity.runtime.log.AvalonLogChute is not available (java.lang.NoClassDefFoundError: org/apache/log/format/Formatter).  Falling back to next log system...
2020-07-20 15:22:18,118 - Trying to use logger class org.apache.velocity.runtime.log.Log4JLogChute
2020-07-20 15:22:18,118 - Using logger class org.apache.velocity.runtime.log.Log4JLogChute
2020-07-20 15:22:18,122 - ResourceLoader instantiated: org.apache.velocity.runtime.resource.loader.ClasspathResourceLoader
2020-07-20 15:22:18,130 - ResourceCache: initialized (class org.apache.velocity.runtime.resource.ResourceCacheImpl) with class java.util.Collections$SynchronizedMap cache map.
2020-07-20 15:22:18,132 - Loaded System Directive: org.apache.velocity.runtime.directive.Stop
2020-07-20 15:22:18,132 - Loaded System Directive: org.apache.velocity.runtime.directive.Define
2020-07-20 15:22:18,133 - Loaded System Directive: org.apache.velocity.runtime.directive.Break
2020-07-20 15:22:18,133 - Loaded System Directive: org.apache.velocity.runtime.directive.Evaluate
2020-07-20 15:22:18,134 - Loaded System Directive: org.apache.velocity.runtime.directive.Literal
2020-07-20 15:22:18,135 - Loaded System Directive: org.apache.velocity.runtime.directive.Macro
2020-07-20 15:22:18,136 - Loaded System Directive: org.apache.velocity.runtime.directive.Parse
2020-07-20 15:22:18,137 - Loaded System Directive: org.apache.velocity.runtime.directive.Include
2020-07-20 15:22:18,138 - Loaded System Directive: org.apache.velocity.runtime.directive.Foreach
2020-07-20 15:22:18,154 - Created '20' parsers.
2020-07-20 15:22:18,158 - Velocimacro : "velocimacro.library" is not set.  Trying default library: VM_global_library.vm
2020-07-20 15:22:18,159 - Could not load resource 'VM_global_library.vm' from ResourceLoader org.apache.velocity.runtime.resource.loader.ClasspathResourceLoader: ClasspathResourceLoader Error: cannot find resource VM_global_library.vm
2020-07-20 15:22:18,159 - Velocimacro : Default library not found.
2020-07-20 15:22:18,159 - Velocimacro : allowInline = true : VMs can be defined inline in templates
2020-07-20 15:22:18,159 - Velocimacro : allowInlineToOverride = false : VMs defined inline may NOT replace previous VM definitions
2020-07-20 15:22:18,159 - Velocimacro : allowInlineLocal = false : VMs defined inline will be global in scope if allowed.
2020-07-20 15:22:18,159 - Velocimacro : autoload off : VM system will not automatically reload global library macros
2020-07-20 15:22:18,173 - ResourceManager : found template/Entity.java.vm with loader org.apache.velocity.runtime.resource.loader.ClasspathResourceLoader
2020-07-20 15:22:18,174 - Null reference [template 'template/Entity.java.vm', line 16, column 4] : ${comments} cannot be resolved.
2020-07-20 15:22:18,179 - Null reference [template 'template/Entity.java.vm', line 32, column 12] : $column.comments cannot be resolved.
2020-07-20 15:22:18,179 - Null reference [template 'template/Entity.java.vm', line 32, column 12] : $column.comments cannot be resolved.
2020-07-20 15:22:18,179 - Null reference [template 'template/Entity.java.vm', line 32, column 12] : $column.comments cannot be resolved.
2020-07-20 15:22:18,179 - Null reference [template 'template/Entity.java.vm', line 32, column 12] : $column.comments cannot be resolved.
2020-07-20 15:22:18,179 - Null reference [template 'template/Entity.java.vm', line 32, column 12] : $column.comments cannot be resolved.
2020-07-20 15:22:18,179 - Null reference [template 'template/Entity.java.vm', line 32, column 12] : $column.comments cannot be resolved.
2020-07-20 15:22:18,179 - Null reference [template 'template/Entity.java.vm', line 32, column 12] : $column.comments cannot be resolved.
2020-07-20 15:22:18,179 - Null reference [template 'template/Entity.java.vm', line 32, column 12] : $column.comments cannot be resolved.
2020-07-20 15:22:18,179 - Null reference [template 'template/Entity.java.vm', line 32, column 12] : $column.comments cannot be resolved.
2020-07-20 15:22:19,912 - ResourceManager : found template/Dao.java.vm with loader org.apache.velocity.runtime.resource.loader.ClasspathResourceLoader
2020-07-20 15:22:19,912 - Null reference [template 'template/Dao.java.vm', line 8, column 4] : ${comments} cannot be resolved.
2020-07-20 15:22:21,044 - ResourceManager : found template/Dao.xml.vm with loader org.apache.velocity.runtime.resource.loader.ClasspathResourceLoader
2020-07-20 15:22:21,396 - ResourceManager : found template/Service.java.vm with loader org.apache.velocity.runtime.resource.loader.ClasspathResourceLoader
2020-07-20 15:22:21,397 - Null reference [template 'template/Service.java.vm', line 10, column 4] : ${comments} cannot be resolved.
2020-07-20 15:22:21,700 - ResourceManager : found template/ServiceImpl.java.vm with loader org.apache.velocity.runtime.resource.loader.ClasspathResourceLoader
2020-07-20 15:22:22,024 - ResourceManager : found template/Controller.java.vm with loader org.apache.velocity.runtime.resource.loader.ClasspathResourceLoader
2020-07-20 15:22:22,024 - Null reference [template 'template/Controller.java.vm', line 20, column 4] : ${comments} cannot be resolved.
2020-07-20 15:22:22,343 - ResourceManager : found template/menu.sql.vm with loader org.apache.velocity.runtime.resource.loader.ClasspathResourceLoader
2020-07-20 15:22:22,343 - Null reference [template 'template/menu.sql.vm', line 3, column 19] : ${comments} cannot be resolved.
2020-07-20 15:22:23,004 - ResourceManager : found template/index.vue.vm with loader org.apache.velocity.runtime.resource.loader.ClasspathResourceLoader
2020-07-20 15:22:23,004 - Null reference [template 'template/index.vue.vm', line 30, column 16] : ${column.comments} cannot be resolved.
2020-07-20 15:22:23,004 - Null reference [template 'template/index.vue.vm', line 30, column 16] : ${column.comments} cannot be resolved.
2020-07-20 15:22:23,004 - Null reference [template 'template/index.vue.vm', line 30, column 16] : ${column.comments} cannot be resolved.
2020-07-20 15:22:23,004 - Null reference [template 'template/index.vue.vm', line 30, column 16] : ${column.comments} cannot be resolved.
2020-07-20 15:22:23,004 - Null reference [template 'template/index.vue.vm', line 30, column 16] : ${column.comments} cannot be resolved.
2020-07-20 15:22:23,004 - Null reference [template 'template/index.vue.vm', line 30, column 16] : ${column.comments} cannot be resolved.
2020-07-20 15:22:23,004 - Null reference [template 'template/index.vue.vm', line 30, column 16] : ${column.comments} cannot be resolved.
2020-07-20 15:22:23,005 - Null reference [template 'template/index.vue.vm', line 30, column 16] : ${column.comments} cannot be resolved.
2020-07-20 15:22:23,005 - Null reference [template 'template/index.vue.vm', line 30, column 16] : ${column.comments} cannot be resolved.
2020-07-20 15:22:23,005 - Null reference [template 'template/index.vue.vm', line 124, column 16] : $refs.addOrUpdate.init(id) cannot be resolved.
2020-07-20 15:22:23,005 - Null reference [template 'template/index.vue.vm', line 140, column 24] : $http.adornData(ids, false) cannot be resolved.
2020-07-20 15:22:23,088 - ResourceManager : found template/add-or-update.vue.vm with loader org.apache.velocity.runtime.resource.loader.ClasspathResourceLoader
2020-07-20 15:22:23,088 - Null reference [template 'template/add-or-update.vue.vm', line 9, column 26] : ${column.comments} cannot be resolved.
2020-07-20 15:22:23,088 - Null reference [template 'template/add-or-update.vue.vm', line 10, column 68] : ${column.comments} cannot be resolved.
2020-07-20 15:22:23,088 - Null reference [template 'template/add-or-update.vue.vm', line 9, column 26] : ${column.comments} cannot be resolved.
2020-07-20 15:22:23,089 - Null reference [template 'template/add-or-update.vue.vm', line 10, column 68] : ${column.comments} cannot be resolved.
2020-07-20 15:22:23,089 - Null reference [template 'template/add-or-update.vue.vm', line 9, column 26] : ${column.comments} cannot be resolved.
2020-07-20 15:22:23,089 - Null reference [template 'template/add-or-update.vue.vm', line 10, column 68] : ${column.comments} cannot be resolved.
2020-07-20 15:22:23,089 - Null reference [template 'template/add-or-update.vue.vm', line 9, column 26] : ${column.comments} cannot be resolved.
2020-07-20 15:22:23,089 - Null reference [template 'template/add-or-update.vue.vm', line 10, column 68] : ${column.comments} cannot be resolved.
2020-07-20 15:22:23,089 - Null reference [template 'template/add-or-update.vue.vm', line 9, column 26] : ${column.comments} cannot be resolved.
2020-07-20 15:22:23,089 - Null reference [template 'template/add-or-update.vue.vm', line 10, column 68] : ${column.comments} cannot be resolved.
2020-07-20 15:22:23,089 - Null reference [template 'template/add-or-update.vue.vm', line 9, column 26] : ${column.comments} cannot be resolved.
2020-07-20 15:22:23,089 - Null reference [template 'template/add-or-update.vue.vm', line 10, column 68] : ${column.comments} cannot be resolved.
2020-07-20 15:22:23,089 - Null reference [template 'template/add-or-update.vue.vm', line 9, column 26] : ${column.comments} cannot be resolved.
2020-07-20 15:22:23,089 - Null reference [template 'template/add-or-update.vue.vm', line 10, column 68] : ${column.comments} cannot be resolved.
2020-07-20 15:22:23,089 - Null reference [template 'template/add-or-update.vue.vm', line 9, column 26] : ${column.comments} cannot be resolved.
2020-07-20 15:22:23,089 - Null reference [template 'template/add-or-update.vue.vm', line 10, column 68] : ${column.comments} cannot be resolved.
2020-07-20 15:22:23,095 - Null reference [template 'template/add-or-update.vue.vm', line 41, column 41] : ${column.comments} cannot be resolved.
2020-07-20 15:22:23,095 - Null reference [template 'template/add-or-update.vue.vm', line 41, column 41] : ${column.comments} cannot be resolved.
2020-07-20 15:22:23,095 - Null reference [template 'template/add-or-update.vue.vm', line 41, column 41] : ${column.comments} cannot be resolved.
2020-07-20 15:22:23,095 - Null reference [template 'template/add-or-update.vue.vm', line 41, column 41] : ${column.comments} cannot be resolved.
2020-07-20 15:22:23,095 - Null reference [template 'template/add-or-update.vue.vm', line 41, column 41] : ${column.comments} cannot be resolved.
2020-07-20 15:22:23,095 - Null reference [template 'template/add-or-update.vue.vm', line 41, column 41] : ${column.comments} cannot be resolved.
2020-07-20 15:22:23,095 - Null reference [template 'template/add-or-update.vue.vm', line 41, column 41] : ${column.comments} cannot be resolved.
2020-07-20 15:22:23,095 - Null reference [template 'template/add-or-update.vue.vm', line 41, column 41] : ${column.comments} cannot be resolved.
2020-07-20 15:22:23,095 - Null reference [template 'template/add-or-update.vue.vm', line 53, column 14] : $nextTick cannot be resolved.
2020-07-20 15:22:23,095 - Null reference [template 'template/add-or-update.vue.vm', line 54, column 16] : $refs['dataForm'].resetFields() cannot be resolved.
2020-07-20 15:22:23,095 - Null reference [template 'template/add-or-update.vue.vm', line 56, column 18] : $http cannot be resolved.
2020-07-20 15:22:23,096 - Null reference [template 'template/add-or-update.vue.vm', line 76, column 18] : $http cannot be resolved.
2020-07-20 15:23:23,529 - Log4JLogChute initialized using file 'velocity.log'
2020-07-20 15:23:23,529 - Initializing Velocity, Calling init()...
2020-07-20 15:23:23,529 - Starting Apache Velocity v1.7 (compiled: 2010-11-19 12:14:37)
2020-07-20 15:23:23,529 - Default Properties File: org\apache\velocity\runtime\defaults\velocity.properties
2020-07-20 15:23:23,529 - Trying to use logger class org.apache.velocity.runtime.log.AvalonLogChute
2020-07-20 15:23:23,529 - Target log system for org.apache.velocity.runtime.log.AvalonLogChute is not available (java.lang.NoClassDefFoundError: org/apache/log/format/Formatter).  Falling back to next log system...
2020-07-20 15:23:23,529 - Trying to use logger class org.apache.velocity.runtime.log.Log4JLogChute
2020-07-20 15:23:23,529 - Using logger class org.apache.velocity.runtime.log.Log4JLogChute
2020-07-20 15:23:23,532 - ResourceLoader instantiated: org.apache.velocity.runtime.resource.loader.ClasspathResourceLoader
2020-07-20 15:23:23,537 - ResourceCache: initialized (class org.apache.velocity.runtime.resource.ResourceCacheImpl) with class java.util.Collections$SynchronizedMap cache map.
2020-07-20 15:23:23,538 - Loaded System Directive: org.apache.velocity.runtime.directive.Stop
2020-07-20 15:23:23,539 - Loaded System Directive: org.apache.velocity.runtime.directive.Define
2020-07-20 15:23:23,540 - Loaded System Directive: org.apache.velocity.runtime.directive.Break
2020-07-20 15:23:23,541 - Loaded System Directive: org.apache.velocity.runtime.directive.Evaluate
2020-07-20 15:23:23,541 - Loaded System Directive: org.apache.velocity.runtime.directive.Literal
2020-07-20 15:23:23,542 - Loaded System Directive: org.apache.velocity.runtime.directive.Macro
2020-07-20 15:23:23,543 - Loaded System Directive: org.apache.velocity.runtime.directive.Parse
2020-07-20 15:23:23,544 - Loaded System Directive: org.apache.velocity.runtime.directive.Include
2020-07-20 15:23:23,545 - Loaded System Directive: org.apache.velocity.runtime.directive.Foreach
2020-07-20 15:23:23,562 - Created '20' parsers.
2020-07-20 15:23:23,565 - Velocimacro : "velocimacro.library" is not set.  Trying default library: VM_global_library.vm
2020-07-20 15:23:23,566 - Could not load resource 'VM_global_library.vm' from ResourceLoader org.apache.velocity.runtime.resource.loader.ClasspathResourceLoader: ClasspathResourceLoader Error: cannot find resource VM_global_library.vm
2020-07-20 15:23:23,566 - Velocimacro : Default library not found.
2020-07-20 15:23:23,566 - Velocimacro : allowInline = true : VMs can be defined inline in templates
2020-07-20 15:23:23,566 - Velocimacro : allowInlineToOverride = false : VMs defined inline may NOT replace previous VM definitions
2020-07-20 15:23:23,566 - Velocimacro : allowInlineLocal = false : VMs defined inline will be global in scope if allowed.
2020-07-20 15:23:23,566 - Velocimacro : autoload off : VM system will not automatically reload global library macros
2020-07-20 15:23:23,580 - ResourceManager : found template/Entity.java.vm with loader org.apache.velocity.runtime.resource.loader.ClasspathResourceLoader
2020-07-20 15:23:23,581 - Null reference [template 'template/Entity.java.vm', line 16, column 4] : ${comments} cannot be resolved.
2020-07-20 15:23:23,585 - Null reference [template 'template/Entity.java.vm', line 32, column 12] : $column.comments cannot be resolved.
2020-07-20 15:23:23,585 - Null reference [template 'template/Entity.java.vm', line 32, column 12] : $column.comments cannot be resolved.
2020-07-20 15:23:23,585 - Null reference [template 'template/Entity.java.vm', line 32, column 12] : $column.comments cannot be resolved.
2020-07-20 15:23:23,585 - Null reference [template 'template/Entity.java.vm', line 32, column 12] : $column.comments cannot be resolved.
2020-07-20 15:23:23,585 - Null reference [template 'template/Entity.java.vm', line 32, column 12] : $column.comments cannot be resolved.
2020-07-20 15:23:23,585 - Null reference [template 'template/Entity.java.vm', line 32, column 12] : $column.comments cannot be resolved.
2020-07-20 15:23:23,585 - Null reference [template 'template/Entity.java.vm', line 32, column 12] : $column.comments cannot be resolved.
2020-07-20 15:23:23,585 - Null reference [template 'template/Entity.java.vm', line 32, column 12] : $column.comments cannot be resolved.
2020-07-20 15:23:23,585 - Null reference [template 'template/Entity.java.vm', line 32, column 12] : $column.comments cannot be resolved.
2020-07-20 15:23:24,044 - ResourceManager : found template/Dao.java.vm with loader org.apache.velocity.runtime.resource.loader.ClasspathResourceLoader
2020-07-20 15:23:24,044 - Null reference [template 'template/Dao.java.vm', line 8, column 4] : ${comments} cannot be resolved.
2020-07-20 15:23:24,139 - ResourceManager : found template/Dao.xml.vm with loader org.apache.velocity.runtime.resource.loader.ClasspathResourceLoader
2020-07-20 15:23:24,230 - ResourceManager : found template/Service.java.vm with loader org.apache.velocity.runtime.resource.loader.ClasspathResourceLoader
2020-07-20 15:23:24,230 - Null reference [template 'template/Service.java.vm', line 10, column 4] : ${comments} cannot be resolved.
2020-07-20 15:23:24,304 - ResourceManager : found template/ServiceImpl.java.vm with loader org.apache.velocity.runtime.resource.loader.ClasspathResourceLoader
2020-07-20 15:23:24,374 - ResourceManager : found template/Controller.java.vm with loader org.apache.velocity.runtime.resource.loader.ClasspathResourceLoader
2020-07-20 15:23:24,374 - Null reference [template 'template/Controller.java.vm', line 20, column 4] : ${comments} cannot be resolved.
2020-07-20 15:23:24,461 - ResourceManager : found template/menu.sql.vm with loader org.apache.velocity.runtime.resource.loader.ClasspathResourceLoader
2020-07-20 15:23:24,461 - Null reference [template 'template/menu.sql.vm', line 3, column 19] : ${comments} cannot be resolved.
2020-07-20 15:23:24,544 - ResourceManager : found template/index.vue.vm with loader org.apache.velocity.runtime.resource.loader.ClasspathResourceLoader
2020-07-20 15:23:24,545 - Null reference [template 'template/index.vue.vm', line 30, column 16] : ${column.comments} cannot be resolved.
2020-07-20 15:23:24,545 - Null reference [template 'template/index.vue.vm', line 30, column 16] : ${column.comments} cannot be resolved.
2020-07-20 15:23:24,545 - Null reference [template 'template/index.vue.vm', line 30, column 16] : ${column.comments} cannot be resolved.
2020-07-20 15:23:24,545 - Null reference [template 'template/index.vue.vm', line 30, column 16] : ${column.comments} cannot be resolved.
2020-07-20 15:23:24,545 - Null reference [template 'template/index.vue.vm', line 30, column 16] : ${column.comments} cannot be resolved.
2020-07-20 15:23:24,545 - Null reference [template 'template/index.vue.vm', line 30, column 16] : ${column.comments} cannot be resolved.
2020-07-20 15:23:24,545 - Null reference [template 'template/index.vue.vm', line 30, column 16] : ${column.comments} cannot be resolved.
2020-07-20 15:23:24,545 - Null reference [template 'template/index.vue.vm', line 30, column 16] : ${column.comments} cannot be resolved.
2020-07-20 15:23:24,545 - Null reference [template 'template/index.vue.vm', line 30, column 16] : ${column.comments} cannot be resolved.
2020-07-20 15:23:24,545 - Null reference [template 'template/index.vue.vm', line 124, column 16] : $refs.addOrUpdate.init(id) cannot be resolved.
2020-07-20 15:23:24,545 - Null reference [template 'template/index.vue.vm', line 140, column 24] : $http.adornData(ids, false) cannot be resolved.
2020-07-20 15:23:24,638 - ResourceManager : found template/add-or-update.vue.vm with loader org.apache.velocity.runtime.resource.loader.ClasspathResourceLoader
2020-07-20 15:23:24,638 - Null reference [template 'template/add-or-update.vue.vm', line 9, column 26] : ${column.comments} cannot be resolved.
2020-07-20 15:23:24,638 - Null reference [template 'template/add-or-update.vue.vm', line 10, column 68] : ${column.comments} cannot be resolved.
2020-07-20 15:23:24,638 - Null reference [template 'template/add-or-update.vue.vm', line 9, column 26] : ${column.comments} cannot be resolved.
2020-07-20 15:23:24,638 - Null reference [template 'template/add-or-update.vue.vm', line 10, column 68] : ${column.comments} cannot be resolved.
2020-07-20 15:23:24,638 - Null reference [template 'template/add-or-update.vue.vm', line 9, column 26] : ${column.comments} cannot be resolved.
2020-07-20 15:23:24,638 - Null reference [template 'template/add-or-update.vue.vm', line 10, column 68] : ${column.comments} cannot be resolved.
2020-07-20 15:23:24,638 - Null reference [template 'template/add-or-update.vue.vm', line 9, column 26] : ${column.comments} cannot be resolved.
2020-07-20 15:23:24,638 - Null reference [template 'template/add-or-update.vue.vm', line 10, column 68] : ${column.comments} cannot be resolved.
2020-07-20 15:23:24,638 - Null reference [template 'template/add-or-update.vue.vm', line 9, column 26] : ${column.comments} cannot be resolved.
2020-07-20 15:23:24,638 - Null reference [template 'template/add-or-update.vue.vm', line 10, column 68] : ${column.comments} cannot be resolved.
2020-07-20 15:23:24,638 - Null reference [template 'template/add-or-update.vue.vm', line 9, column 26] : ${column.comments} cannot be resolved.
2020-07-20 15:23:24,638 - Null reference [template 'template/add-or-update.vue.vm', line 10, column 68] : ${column.comments} cannot be resolved.
2020-07-20 15:23:24,638 - Null reference [template 'template/add-or-update.vue.vm', line 9, column 26] : ${column.comments} cannot be resolved.
2020-07-20 15:23:24,638 - Null reference [template 'template/add-or-update.vue.vm', line 10, column 68] : ${column.comments} cannot be resolved.
2020-07-20 15:23:24,638 - Null reference [template 'template/add-or-update.vue.vm', line 9, column 26] : ${column.comments} cannot be resolved.
2020-07-20 15:23:24,638 - Null reference [template 'template/add-or-update.vue.vm', line 10, column 68] : ${column.comments} cannot be resolved.
2020-07-20 15:23:24,644 - Null reference [template 'template/add-or-update.vue.vm', line 41, column 41] : ${column.comments} cannot be resolved.
2020-07-20 15:23:24,644 - Null reference [template 'template/add-or-update.vue.vm', line 41, column 41] : ${column.comments} cannot be resolved.
2020-07-20 15:23:24,644 - Null reference [template 'template/add-or-update.vue.vm', line 41, column 41] : ${column.comments} cannot be resolved.
2020-07-20 15:23:24,644 - Null reference [template 'template/add-or-update.vue.vm', line 41, column 41] : ${column.comments} cannot be resolved.
2020-07-20 15:23:24,644 - Null reference [template 'template/add-or-update.vue.vm', line 41, column 41] : ${column.comments} cannot be resolved.
2020-07-20 15:23:24,644 - Null reference [template 'template/add-or-update.vue.vm', line 41, column 41] : ${column.comments} cannot be resolved.
2020-07-20 15:23:24,644 - Null reference [template 'template/add-or-update.vue.vm', line 41, column 41] : ${column.comments} cannot be resolved.
2020-07-20 15:23:24,644 - Null reference [template 'template/add-or-update.vue.vm', line 41, column 41] : ${column.comments} cannot be resolved.
2020-07-20 15:23:24,645 - Null reference [template 'template/add-or-update.vue.vm', line 53, column 14] : $nextTick cannot be resolved.
2020-07-20 15:23:24,645 - Null reference [template 'template/add-or-update.vue.vm', line 54, column 16] : $refs['dataForm'].resetFields() cannot be resolved.
2020-07-20 15:23:24,645 - Null reference [template 'template/add-or-update.vue.vm', line 56, column 18] : $http cannot be resolved.
2020-07-20 15:23:24,647 - Null reference [template 'template/add-or-update.vue.vm', line 76, column 18] : $http cannot be resolved.
2020-07-20 15:26:38,526 - ResourceManager : found template/Entity.java.vm with loader org.apache.velocity.runtime.resource.loader.ClasspathResourceLoader
2020-07-20 15:26:38,527 - Null reference [template 'template/Entity.java.vm', line 16, column 4] : ${comments} cannot be resolved.
2020-07-20 15:26:38,527 - Null reference [template 'template/Entity.java.vm', line 32, column 12] : $column.comments cannot be resolved.
2020-07-20 15:26:38,527 - Null reference [template 'template/Entity.java.vm', line 32, column 12] : $column.comments cannot be resolved.
2020-07-20 15:26:38,527 - Null reference [template 'template/Entity.java.vm', line 32, column 12] : $column.comments cannot be resolved.
2020-07-20 15:26:38,527 - Null reference [template 'template/Entity.java.vm', line 32, column 12] : $column.comments cannot be resolved.
2020-07-20 15:26:38,527 - Null reference [template 'template/Entity.java.vm', line 32, column 12] : $column.comments cannot be resolved.
2020-07-20 15:26:38,527 - Null reference [template 'template/Entity.java.vm', line 32, column 12] : $column.comments cannot be resolved.
2020-07-20 15:26:38,528 - Null reference [template 'template/Entity.java.vm', line 32, column 12] : $column.comments cannot be resolved.
2020-07-20 15:26:38,528 - Null reference [template 'template/Entity.java.vm', line 32, column 12] : $column.comments cannot be resolved.
2020-07-20 15:26:38,528 - Null reference [template 'template/Entity.java.vm', line 32, column 12] : $column.comments cannot be resolved.
2020-07-20 15:30:05,877 - ResourceManager : found template/Dao.java.vm with loader org.apache.velocity.runtime.resource.loader.ClasspathResourceLoader
2020-07-20 15:30:05,877 - Null reference [template 'template/Dao.java.vm', line 8, column 4] : ${comments} cannot be resolved.
2020-07-20 15:30:05,879 - ResourceManager : found template/Dao.xml.vm with loader org.apache.velocity.runtime.resource.loader.ClasspathResourceLoader
2020-07-20 15:30:05,880 - ResourceManager : found template/Service.java.vm with loader org.apache.velocity.runtime.resource.loader.ClasspathResourceLoader
2020-07-20 15:30:05,880 - Null reference [template 'template/Service.java.vm', line 10, column 4] : ${comments} cannot be resolved.
2020-07-20 15:30:05,881 - ResourceManager : found template/ServiceImpl.java.vm with loader org.apache.velocity.runtime.resource.loader.ClasspathResourceLoader
2020-07-20 15:30:05,884 - ResourceManager : found template/Controller.java.vm with loader org.apache.velocity.runtime.resource.loader.ClasspathResourceLoader
2020-07-20 15:30:05,884 - Null reference [template 'template/Controller.java.vm', line 20, column 4] : ${comments} cannot be resolved.
2020-07-20 15:30:05,886 - ResourceManager : found template/menu.sql.vm with loader org.apache.velocity.runtime.resource.loader.ClasspathResourceLoader
2020-07-20 15:30:05,886 - Null reference [template 'template/menu.sql.vm', line 3, column 19] : ${comments} cannot be resolved.
2020-07-20 15:30:05,888 - ResourceManager : found template/index.vue.vm with loader org.apache.velocity.runtime.resource.loader.ClasspathResourceLoader
2020-07-20 15:30:05,888 - Null reference [template 'template/index.vue.vm', line 30, column 16] : ${column.comments} cannot be resolved.
2020-07-20 15:30:05,888 - Null reference [template 'template/index.vue.vm', line 30, column 16] : ${column.comments} cannot be resolved.
2020-07-20 15:30:05,888 - Null reference [template 'template/index.vue.vm', line 30, column 16] : ${column.comments} cannot be resolved.
2020-07-20 15:30:05,888 - Null reference [template 'template/index.vue.vm', line 30, column 16] : ${column.comments} cannot be resolved.
2020-07-20 15:30:05,888 - Null reference [template 'template/index.vue.vm', line 30, column 16] : ${column.comments} cannot be resolved.
2020-07-20 15:30:05,888 - Null reference [template 'template/index.vue.vm', line 30, column 16] : ${column.comments} cannot be resolved.
2020-07-20 15:30:05,888 - Null reference [template 'template/index.vue.vm', line 30, column 16] : ${column.comments} cannot be resolved.
2020-07-20 15:30:05,888 - Null reference [template 'template/index.vue.vm', line 30, column 16] : ${column.comments} cannot be resolved.
2020-07-20 15:30:05,888 - Null reference [template 'template/index.vue.vm', line 30, column 16] : ${column.comments} cannot be resolved.
2020-07-20 15:30:05,888 - Null reference [template 'template/index.vue.vm', line 124, column 16] : $refs.addOrUpdate.init(id) cannot be resolved.
2020-07-20 15:30:05,889 - Null reference [template 'template/index.vue.vm', line 140, column 24] : $http.adornData(ids, false) cannot be resolved.
2020-07-20 15:30:05,892 - ResourceManager : found template/add-or-update.vue.vm with loader org.apache.velocity.runtime.resource.loader.ClasspathResourceLoader
2020-07-20 15:30:05,892 - Null reference [template 'template/add-or-update.vue.vm', line 9, column 26] : ${column.comments} cannot be resolved.
2020-07-20 15:30:05,892 - Null reference [template 'template/add-or-update.vue.vm', line 10, column 68] : ${column.comments} cannot be resolved.
2020-07-20 15:30:05,892 - Null reference [template 'template/add-or-update.vue.vm', line 9, column 26] : ${column.comments} cannot be resolved.
2020-07-20 15:30:05,892 - Null reference [template 'template/add-or-update.vue.vm', line 10, column 68] : ${column.comments} cannot be resolved.
2020-07-20 15:30:05,893 - Null reference [template 'template/add-or-update.vue.vm', line 9, column 26] : ${column.comments} cannot be resolved.
2020-07-20 15:30:05,893 - Null reference [template 'template/add-or-update.vue.vm', line 10, column 68] : ${column.comments} cannot be resolved.
2020-07-20 15:30:05,893 - Null reference [template 'template/add-or-update.vue.vm', line 9, column 26] : ${column.comments} cannot be resolved.
2020-07-20 15:30:05,893 - Null reference [template 'template/add-or-update.vue.vm', line 10, column 68] : ${column.comments} cannot be resolved.
2020-07-20 15:30:05,893 - Null reference [template 'template/add-or-update.vue.vm', line 9, column 26] : ${column.comments} cannot be resolved.
2020-07-20 15:30:05,893 - Null reference [template 'template/add-or-update.vue.vm', line 10, column 68] : ${column.comments} cannot be resolved.
2020-07-20 15:30:05,893 - Null reference [template 'template/add-or-update.vue.vm', line 9, column 26] : ${column.comments} cannot be resolved.
2020-07-20 15:30:05,893 - Null reference [template 'template/add-or-update.vue.vm', line 10, column 68] : ${column.comments} cannot be resolved.
2020-07-20 15:30:05,893 - Null reference [template 'template/add-or-update.vue.vm', line 9, column 26] : ${column.comments} cannot be resolved.
2020-07-20 15:30:05,893 - Null reference [template 'template/add-or-update.vue.vm', line 10, column 68] : ${column.comments} cannot be resolved.
2020-07-20 15:30:05,893 - Null reference [template 'template/add-or-update.vue.vm', line 9, column 26] : ${column.comments} cannot be resolved.
2020-07-20 15:30:05,893 - Null reference [template 'template/add-or-update.vue.vm', line 10, column 68] : ${column.comments} cannot be resolved.
2020-07-20 15:30:05,893 - Null reference [template 'template/add-or-update.vue.vm', line 41, column 41] : ${column.comments} cannot be resolved.
2020-07-20 15:30:05,893 - Null reference [template 'template/add-or-update.vue.vm', line 41, column 41] : ${column.comments} cannot be resolved.
2020-07-20 15:30:05,893 - Null reference [template 'template/add-or-update.vue.vm', line 41, column 41] : ${column.comments} cannot be resolved.
2020-07-20 15:30:05,894 - Null reference [template 'template/add-or-update.vue.vm', line 41, column 41] : ${column.comments} cannot be resolved.
2020-07-20 15:30:05,894 - Null reference [template 'template/add-or-update.vue.vm', line 41, column 41] : ${column.comments} cannot be resolved.
2020-07-20 15:30:05,894 - Null reference [template 'template/add-or-update.vue.vm', line 41, column 41] : ${column.comments} cannot be resolved.
2020-07-20 15:30:05,894 - Null reference [template 'template/add-or-update.vue.vm', line 41, column 41] : ${column.comments} cannot be resolved.
2020-07-20 15:30:05,894 - Null reference [template 'template/add-or-update.vue.vm', line 41, column 41] : ${column.comments} cannot be resolved.
2020-07-20 15:30:05,894 - Null reference [template 'template/add-or-update.vue.vm', line 53, column 14] : $nextTick cannot be resolved.
2020-07-20 15:30:05,894 - Null reference [template 'template/add-or-update.vue.vm', line 54, column 16] : $refs['dataForm'].resetFields() cannot be resolved.
2020-07-20 15:30:05,894 - Null reference [template 'template/add-or-update.vue.vm', line 56, column 18] : $http cannot be resolved.
2020-07-20 15:30:05,894 - Null reference [template 'template/add-or-update.vue.vm', line 76, column 18] : $http cannot be resolved.
2020-07-20 15:32:06,729 - Log4JLogChute initialized using file 'velocity.log'
2020-07-20 15:32:06,730 - Initializing Velocity, Calling init()...
2020-07-20 15:32:06,730 - Starting Apache Velocity v1.7 (compiled: 2010-11-19 12:14:37)
2020-07-20 15:32:06,730 - Default Properties File: org\apache\velocity\runtime\defaults\velocity.properties
2020-07-20 15:32:06,730 - Trying to use logger class org.apache.velocity.runtime.log.AvalonLogChute
2020-07-20 15:32:06,730 - Target log system for org.apache.velocity.runtime.log.AvalonLogChute is not available (java.lang.NoClassDefFoundError: org/apache/log/format/Formatter).  Falling back to next log system...
2020-07-20 15:32:06,730 - Trying to use logger class org.apache.velocity.runtime.log.Log4JLogChute
2020-07-20 15:32:06,730 - Using logger class org.apache.velocity.runtime.log.Log4JLogChute
2020-07-20 15:32:06,733 - ResourceLoader instantiated: org.apache.velocity.runtime.resource.loader.ClasspathResourceLoader
2020-07-20 15:32:06,740 - ResourceCache: initialized (class org.apache.velocity.runtime.resource.ResourceCacheImpl) with class java.util.Collections$SynchronizedMap cache map.
2020-07-20 15:32:06,741 - Loaded System Directive: org.apache.velocity.runtime.directive.Stop
2020-07-20 15:32:06,743 - Loaded System Directive: org.apache.velocity.runtime.directive.Define
2020-07-20 15:32:06,743 - Loaded System Directive: org.apache.velocity.runtime.directive.Break
2020-07-20 15:32:06,744 - Loaded System Directive: org.apache.velocity.runtime.directive.Evaluate
2020-07-20 15:32:06,745 - Loaded System Directive: org.apache.velocity.runtime.directive.Literal
2020-07-20 15:32:06,746 - Loaded System Directive: org.apache.velocity.runtime.directive.Macro
2020-07-20 15:32:06,747 - Loaded System Directive: org.apache.velocity.runtime.directive.Parse
2020-07-20 15:32:06,748 - Loaded System Directive: org.apache.velocity.runtime.directive.Include
2020-07-20 15:32:06,749 - Loaded System Directive: org.apache.velocity.runtime.directive.Foreach
2020-07-20 15:32:06,767 - Created '20' parsers.
2020-07-20 15:32:06,771 - Velocimacro : "velocimacro.library" is not set.  Trying default library: VM_global_library.vm
2020-07-20 15:32:06,772 - Could not load resource 'VM_global_library.vm' from ResourceLoader org.apache.velocity.runtime.resource.loader.ClasspathResourceLoader: ClasspathResourceLoader Error: cannot find resource VM_global_library.vm
2020-07-20 15:32:06,772 - Velocimacro : Default library not found.
2020-07-20 15:32:06,772 - Velocimacro : allowInline = true : VMs can be defined inline in templates
2020-07-20 15:32:06,772 - Velocimacro : allowInlineToOverride = false : VMs defined inline may NOT replace previous VM definitions
2020-07-20 15:32:06,772 - Velocimacro : allowInlineLocal = false : VMs defined inline will be global in scope if allowed.
2020-07-20 15:32:06,772 - Velocimacro : autoload off : VM system will not automatically reload global library macros
2020-07-20 15:32:06,788 - ResourceManager : found template/Entity.java.vm with loader org.apache.velocity.runtime.resource.loader.ClasspathResourceLoader
2020-07-20 15:32:06,790 - Null reference [template 'template/Entity.java.vm', line 16, column 4] : ${comments} cannot be resolved.
2020-07-20 15:32:06,796 - Null reference [template 'template/Entity.java.vm', line 32, column 12] : $column.comments cannot be resolved.
2020-07-20 15:32:08,443 - ResourceManager : found template/Dao.java.vm with loader org.apache.velocity.runtime.resource.loader.ClasspathResourceLoader
2020-07-20 15:32:08,443 - Null reference [template 'template/Dao.java.vm', line 8, column 4] : ${comments} cannot be resolved.
2020-07-20 15:32:08,513 - ResourceManager : found template/Dao.xml.vm with loader org.apache.velocity.runtime.resource.loader.ClasspathResourceLoader
2020-07-20 15:32:08,580 - ResourceManager : found template/Service.java.vm with loader org.apache.velocity.runtime.resource.loader.ClasspathResourceLoader
2020-07-20 15:32:08,580 - Null reference [template 'template/Service.java.vm', line 10, column 4] : ${comments} cannot be resolved.
2020-07-20 15:32:08,641 - ResourceManager : found template/ServiceImpl.java.vm with loader org.apache.velocity.runtime.resource.loader.ClasspathResourceLoader
2020-07-20 15:32:08,720 - ResourceManager : found template/Controller.java.vm with loader org.apache.velocity.runtime.resource.loader.ClasspathResourceLoader
2020-07-20 15:32:08,720 - Null reference [template 'template/Controller.java.vm', line 20, column 4] : ${comments} cannot be resolved.
2020-07-20 15:32:08,772 - ResourceManager : found template/menu.sql.vm with loader org.apache.velocity.runtime.resource.loader.ClasspathResourceLoader
2020-07-20 15:32:08,772 - Null reference [template 'template/menu.sql.vm', line 3, column 19] : ${comments} cannot be resolved.
2020-07-20 15:32:08,848 - ResourceManager : found template/index.vue.vm with loader org.apache.velocity.runtime.resource.loader.ClasspathResourceLoader
2020-07-20 15:32:08,849 - Null reference [template 'template/index.vue.vm', line 30, column 16] : ${column.comments} cannot be resolved.
2020-07-20 15:32:08,849 - Null reference [template 'template/index.vue.vm', line 124, column 16] : $refs.addOrUpdate.init(id) cannot be resolved.
2020-07-20 15:32:08,849 - Null reference [template 'template/index.vue.vm', line 140, column 24] : $http.adornData(ids, false) cannot be resolved.
2020-07-20 15:32:08,920 - ResourceManager : found template/add-or-update.vue.vm with loader org.apache.velocity.runtime.resource.loader.ClasspathResourceLoader
2020-07-20 15:32:08,921 - Null reference [template 'template/add-or-update.vue.vm', line 9, column 26] : ${column.comments} cannot be resolved.
2020-07-20 15:32:08,921 - Null reference [template 'template/add-or-update.vue.vm', line 10, column 68] : ${column.comments} cannot be resolved.
2020-07-20 15:32:08,928 - Null reference [template 'template/add-or-update.vue.vm', line 41, column 41] : ${column.comments} cannot be resolved.
2020-07-20 15:32:08,929 - Null reference [template 'template/add-or-update.vue.vm', line 53, column 14] : $nextTick cannot be resolved.
2020-07-20 15:32:08,929 - Null reference [template 'template/add-or-update.vue.vm', line 54, column 16] : $refs['dataForm'].resetFields() cannot be resolved.
2020-07-20 15:32:08,929 - Null reference [template 'template/add-or-update.vue.vm', line 56, column 18] : $http cannot be resolved.
2020-07-20 15:32:08,929 - Null reference [template 'template/add-or-update.vue.vm', line 76, column 18] : $http cannot be resolved.
2020-07-20 16:00:06,835 - ResourceManager : found template/Entity.java.vm with loader org.apache.velocity.runtime.resource.loader.ClasspathResourceLoader
2020-07-20 16:00:17,144 - ResourceManager : found template/Dao.java.vm with loader org.apache.velocity.runtime.resource.loader.ClasspathResourceLoader
2020-07-20 16:00:17,209 - ResourceManager : found template/Dao.xml.vm with loader org.apache.velocity.runtime.resource.loader.ClasspathResourceLoader
2020-07-20 16:00:17,275 - ResourceManager : found template/Service.java.vm with loader org.apache.velocity.runtime.resource.loader.ClasspathResourceLoader
2020-07-20 16:00:17,341 - ResourceManager : found template/ServiceImpl.java.vm with loader org.apache.velocity.runtime.resource.loader.ClasspathResourceLoader
2020-07-20 16:00:17,409 - ResourceManager : found template/Controller.java.vm with loader org.apache.velocity.runtime.resource.loader.ClasspathResourceLoader
2020-07-20 16:00:17,475 - ResourceManager : found template/menu.sql.vm with loader org.apache.velocity.runtime.resource.loader.ClasspathResourceLoader
2020-07-20 16:00:17,541 - ResourceManager : found template/index.vue.vm with loader org.apache.velocity.runtime.resource.loader.ClasspathResourceLoader
2020-07-20 16:00:17,541 - Null reference [template 'template/index.vue.vm', line 124, column 16] : $refs.addOrUpdate.init(id) cannot be resolved.
2020-07-20 16:00:17,541 - Null reference [template 'template/index.vue.vm', line 140, column 24] : $http.adornData(ids, false) cannot be resolved.
2020-07-20 16:00:17,608 - ResourceManager : found template/add-or-update.vue.vm with loader org.apache.velocity.runtime.resource.loader.ClasspathResourceLoader
2020-07-20 16:00:17,610 - Null reference [template 'template/add-or-update.vue.vm', line 53, column 14] : $nextTick cannot be resolved.
2020-07-20 16:00:17,610 - Null reference [template 'template/add-or-update.vue.vm', line 54, column 16] : $refs['dataForm'].resetFields() cannot be resolved.
2020-07-20 16:00:17,610 - Null reference [template 'template/add-or-update.vue.vm', line 56, column 18] : $http cannot be resolved.
2020-07-20 16:00:17,610 - Null reference [template 'template/add-or-update.vue.vm', line 76, column 18] : $http cannot be resolved.
2020-07-20 16:00:17,690 - ResourceManager : found template/Entity.java.vm with loader org.apache.velocity.runtime.resource.loader.ClasspathResourceLoader
2020-07-20 16:00:17,737 - ResourceManager : found template/Dao.java.vm with loader org.apache.velocity.runtime.resource.loader.ClasspathResourceLoader
2020-07-20 16:00:17,808 - ResourceManager : found template/Dao.xml.vm with loader org.apache.velocity.runtime.resource.loader.ClasspathResourceLoader
2020-07-20 16:00:17,869 - ResourceManager : found template/Service.java.vm with loader org.apache.velocity.runtime.resource.loader.ClasspathResourceLoader
2020-07-20 16:00:17,935 - ResourceManager : found template/ServiceImpl.java.vm with loader org.apache.velocity.runtime.resource.loader.ClasspathResourceLoader
2020-07-20 16:00:18,003 - ResourceManager : found template/Controller.java.vm with loader org.apache.velocity.runtime.resource.loader.ClasspathResourceLoader
2020-07-20 16:00:18,067 - ResourceManager : found template/menu.sql.vm with loader org.apache.velocity.runtime.resource.loader.ClasspathResourceLoader
2020-07-20 16:00:18,134 - ResourceManager : found template/index.vue.vm with loader org.apache.velocity.runtime.resource.loader.ClasspathResourceLoader
2020-07-20 16:00:18,134 - Null reference [template 'template/index.vue.vm', line 124, column 16] : $refs.addOrUpdate.init(id) cannot be resolved.
2020-07-20 16:00:18,134 - Null reference [template 'template/index.vue.vm', line 140, column 24] : $http.adornData(ids, false) cannot be resolved.
2020-07-20 16:00:18,202 - ResourceManager : found template/add-or-update.vue.vm with loader org.apache.velocity.runtime.resource.loader.ClasspathResourceLoader
2020-07-20 16:00:18,202 - Null reference [template 'template/add-or-update.vue.vm', line 53, column 14] : $nextTick cannot be resolved.
2020-07-20 16:00:18,202 - Null reference [template 'template/add-or-update.vue.vm', line 54, column 16] : $refs['dataForm'].resetFields() cannot be resolved.
2020-07-20 16:00:18,202 - Null reference [template 'template/add-or-update.vue.vm', line 56, column 18] : $http cannot be resolved.
2020-07-20 16:00:18,202 - Null reference [template 'template/add-or-update.vue.vm', line 76, column 18] : $http cannot be resolved.
2020-07-20 16:00:18,283 - ResourceManager : found template/Entity.java.vm with loader org.apache.velocity.runtime.resource.loader.ClasspathResourceLoader
2020-07-20 16:00:18,342 - ResourceManager : found template/Dao.java.vm with loader org.apache.velocity.runtime.resource.loader.ClasspathResourceLoader
2020-07-20 16:00:18,401 - ResourceManager : found template/Dao.xml.vm with loader org.apache.velocity.runtime.resource.loader.ClasspathResourceLoader
2020-07-20 16:00:18,466 - ResourceManager : found template/Service.java.vm with loader org.apache.velocity.runtime.resource.loader.ClasspathResourceLoader
2020-07-20 16:00:18,530 - ResourceManager : found template/ServiceImpl.java.vm with loader org.apache.velocity.runtime.resource.loader.ClasspathResourceLoader
2020-07-20 16:00:18,602 - ResourceManager : found template/Controller.java.vm with loader org.apache.velocity.runtime.resource.loader.ClasspathResourceLoader
2020-07-20 16:00:18,662 - ResourceManager : found template/menu.sql.vm with loader org.apache.velocity.runtime.resource.loader.ClasspathResourceLoader
2020-07-20 16:00:18,730 - ResourceManager : found template/index.vue.vm with loader org.apache.velocity.runtime.resource.loader.ClasspathResourceLoader
2020-07-20 16:00:18,731 - Null reference [template 'template/index.vue.vm', line 124, column 16] : $refs.addOrUpdate.init(id) cannot be resolved.
2020-07-20 16:00:18,731 - Null reference [template 'template/index.vue.vm', line 140, column 24] : $http.adornData(ids, false) cannot be resolved.
2020-07-20 16:00:18,799 - ResourceManager : found template/add-or-update.vue.vm with loader org.apache.velocity.runtime.resource.loader.ClasspathResourceLoader
2020-07-20 16:00:18,799 - Null reference [template 'template/add-or-update.vue.vm', line 53, column 14] : $nextTick cannot be resolved.
2020-07-20 16:00:18,799 - Null reference [template 'template/add-or-update.vue.vm', line 54, column 16] : $refs['dataForm'].resetFields() cannot be resolved.
2020-07-20 16:00:18,799 - Null reference [template 'template/add-or-update.vue.vm', line 56, column 18] : $http cannot be resolved.
2020-07-20 16:00:18,799 - Null reference [template 'template/add-or-update.vue.vm', line 76, column 18] : $http cannot be resolved.
2020-07-23 14:03:02,255 - Log4JLogChute initialized using file 'velocity.log'
2020-07-23 14:03:02,273 - Initializing Velocity, Calling init()...
2020-07-23 14:03:02,273 - Starting Apache Velocity v1.7 (compiled: 2010-11-19 12:14:37)
2020-07-23 14:03:02,273 - Default Properties File: org\apache\velocity\runtime\defaults\velocity.properties
2020-07-23 14:03:02,273 - Trying to use logger class org.apache.velocity.runtime.log.AvalonLogChute
2020-07-23 14:03:02,273 - Target log system for org.apache.velocity.runtime.log.AvalonLogChute is not available (java.lang.NoClassDefFoundError: org/apache/log/format/Formatter).  Falling back to next log system...
2020-07-23 14:03:02,273 - Trying to use logger class org.apache.velocity.runtime.log.Log4JLogChute
2020-07-23 14:03:02,273 - Using logger class org.apache.velocity.runtime.log.Log4JLogChute
2020-07-23 14:03:02,276 - ResourceLoader instantiated: org.apache.velocity.runtime.resource.loader.ClasspathResourceLoader
2020-07-23 14:03:02,289 - ResourceCache: initialized (class org.apache.velocity.runtime.resource.ResourceCacheImpl) with class java.util.Collections$SynchronizedMap cache map.
2020-07-23 14:03:02,290 - Loaded System Directive: org.apache.velocity.runtime.directive.Stop
2020-07-23 14:03:02,291 - Loaded System Directive: org.apache.velocity.runtime.directive.Define
2020-07-23 14:03:02,291 - Loaded System Directive: org.apache.velocity.runtime.directive.Break
2020-07-23 14:03:02,292 - Loaded System Directive: org.apache.velocity.runtime.directive.Evaluate
2020-07-23 14:03:02,293 - Loaded System Directive: org.apache.velocity.runtime.directive.Literal
2020-07-23 14:03:02,294 - Loaded System Directive: org.apache.velocity.runtime.directive.Macro
2020-07-23 14:03:02,295 - Loaded System Directive: org.apache.velocity.runtime.directive.Parse
2020-07-23 14:03:02,296 - Loaded System Directive: org.apache.velocity.runtime.directive.Include
2020-07-23 14:03:02,297 - Loaded System Directive: org.apache.velocity.runtime.directive.Foreach
2020-07-23 14:03:02,318 - Created '20' parsers.
2020-07-23 14:03:02,322 - Velocimacro : "velocimacro.library" is not set.  Trying default library: VM_global_library.vm
2020-07-23 14:03:02,323 - Could not load resource 'VM_global_library.vm' from ResourceLoader org.apache.velocity.runtime.resource.loader.ClasspathResourceLoader: ClasspathResourceLoader Error: cannot find resource VM_global_library.vm
2020-07-23 14:03:02,323 - Velocimacro : Default library not found.
2020-07-23 14:03:02,323 - Velocimacro : allowInline = true : VMs can be defined inline in templates
2020-07-23 14:03:02,323 - Velocimacro : allowInlineToOverride = false : VMs defined inline may NOT replace previous VM definitions
2020-07-23 14:03:02,323 - Velocimacro : allowInlineLocal = false : VMs defined inline will be global in scope if allowed.
2020-07-23 14:03:02,323 - Velocimacro : autoload off : VM system will not automatically reload global library macros
2020-07-23 14:03:02,424 - ResourceManager : found template/Entity.java.vm with loader org.apache.velocity.runtime.resource.loader.ClasspathResourceLoader
2020-07-23 14:03:02,462 - ResourceManager : found template/Dao.java.vm with loader org.apache.velocity.runtime.resource.loader.ClasspathResourceLoader
2020-07-23 14:03:02,464 - ResourceManager : found template/Dao.xml.vm with loader org.apache.velocity.runtime.resource.loader.ClasspathResourceLoader
2020-07-23 14:03:02,465 - ResourceManager : found template/Service.java.vm with loader org.apache.velocity.runtime.resource.loader.ClasspathResourceLoader
2020-07-23 14:03:02,491 - ResourceManager : found template/ServiceImpl.java.vm with loader org.apache.velocity.runtime.resource.loader.ClasspathResourceLoader
2020-07-23 14:03:02,493 - ResourceManager : found template/Controller.java.vm with loader org.apache.velocity.runtime.resource.loader.ClasspathResourceLoader
2020-07-23 14:03:02,504 - ResourceManager : found template/menu.sql.vm with loader org.apache.velocity.runtime.resource.loader.ClasspathResourceLoader
2020-07-23 14:03:02,516 - ResourceManager : found template/index.vue.vm with loader org.apache.velocity.runtime.resource.loader.ClasspathResourceLoader
2020-07-23 14:03:02,517 - Null reference [template 'template/index.vue.vm', line 124, column 16] : $refs.addOrUpdate.init(id) cannot be resolved.
2020-07-23 14:03:02,517 - Null reference [template 'template/index.vue.vm', line 140, column 24] : $http.adornData(ids, false) cannot be resolved.
2020-07-23 14:03:02,529 - ResourceManager : found template/add-or-update.vue.vm with loader org.apache.velocity.runtime.resource.loader.ClasspathResourceLoader
2020-07-23 14:03:02,536 - Null reference [template 'template/add-or-update.vue.vm', line 53, column 14] : $nextTick cannot be resolved.
2020-07-23 14:03:02,536 - Null reference [template 'template/add-or-update.vue.vm', line 54, column 16] : $refs['dataForm'].resetFields() cannot be resolved.
2020-07-23 14:03:02,536 - Null reference [template 'template/add-or-update.vue.vm', line 56, column 18] : $http cannot be resolved.
2020-07-23 14:03:02,537 - Null reference [template 'template/add-or-update.vue.vm', line 76, column 18] : $http cannot be resolved.
2020-07-23 14:03:02,560 - ResourceManager : found template/Entity.java.vm with loader org.apache.velocity.runtime.resource.loader.ClasspathResourceLoader
2020-07-23 14:03:02,561 - ResourceManager : found template/Dao.java.vm with loader org.apache.velocity.runtime.resource.loader.ClasspathResourceLoader
2020-07-23 14:03:02,561 - ResourceManager : found template/Dao.xml.vm with loader org.apache.velocity.runtime.resource.loader.ClasspathResourceLoader
2020-07-23 14:03:02,562 - ResourceManager : found template/Service.java.vm with loader org.apache.velocity.runtime.resource.loader.ClasspathResourceLoader
2020-07-23 14:03:02,563 - ResourceManager : found template/ServiceImpl.java.vm with loader org.apache.velocity.runtime.resource.loader.ClasspathResourceLoader
2020-07-23 14:03:02,564 - ResourceManager : found template/Controller.java.vm with loader org.apache.velocity.runtime.resource.loader.ClasspathResourceLoader
2020-07-23 14:03:02,565 - ResourceManager : found template/menu.sql.vm with loader org.apache.velocity.runtime.resource.loader.ClasspathResourceLoader
2020-07-23 14:03:02,567 - ResourceManager : found template/index.vue.vm with loader org.apache.velocity.runtime.resource.loader.ClasspathResourceLoader
2020-07-23 14:03:02,567 - Null reference [template 'template/index.vue.vm', line 124, column 16] : $refs.addOrUpdate.init(id) cannot be resolved.
2020-07-23 14:03:02,567 - Null reference [template 'template/index.vue.vm', line 140, column 24] : $http.adornData(ids, false) cannot be resolved.
2020-07-23 14:03:02,574 - ResourceManager : found template/add-or-update.vue.vm with loader org.apache.velocity.runtime.resource.loader.ClasspathResourceLoader
2020-07-23 14:03:02,575 - Null reference [template 'template/add-or-update.vue.vm', line 53, column 14] : $nextTick cannot be resolved.
2020-07-23 14:03:02,575 - Null reference [template 'template/add-or-update.vue.vm', line 54, column 16] : $refs['dataForm'].resetFields() cannot be resolved.
2020-07-23 14:03:02,575 - Null reference [template 'template/add-or-update.vue.vm', line 56, column 18] : $http cannot be resolved.
2020-07-23 14:03:02,575 - Null reference [template 'template/add-or-update.vue.vm', line 76, column 18] : $http cannot be resolved.
2020-07-23 14:03:02,602 - ResourceManager : found template/Entity.java.vm with loader org.apache.velocity.runtime.resource.loader.ClasspathResourceLoader
2020-07-23 14:03:02,603 - ResourceManager : found template/Dao.java.vm with loader org.apache.velocity.runtime.resource.loader.ClasspathResourceLoader
2020-07-23 14:03:02,603 - ResourceManager : found template/Dao.xml.vm with loader org.apache.velocity.runtime.resource.loader.ClasspathResourceLoader
2020-07-23 14:03:02,604 - ResourceManager : found template/Service.java.vm with loader org.apache.velocity.runtime.resource.loader.ClasspathResourceLoader
2020-07-23 14:03:02,604 - ResourceManager : found template/ServiceImpl.java.vm with loader org.apache.velocity.runtime.resource.loader.ClasspathResourceLoader
2020-07-23 14:03:02,606 - ResourceManager : found template/Controller.java.vm with loader org.apache.velocity.runtime.resource.loader.ClasspathResourceLoader
2020-07-23 14:03:02,607 - ResourceManager : found template/menu.sql.vm with loader org.apache.velocity.runtime.resource.loader.ClasspathResourceLoader
2020-07-23 14:03:02,608 - ResourceManager : found template/index.vue.vm with loader org.apache.velocity.runtime.resource.loader.ClasspathResourceLoader
2020-07-23 14:03:02,608 - Null reference [template 'template/index.vue.vm', line 124, column 16] : $refs.addOrUpdate.init(id) cannot be resolved.
2020-07-23 14:03:02,608 - Null reference [template 'template/index.vue.vm', line 140, column 24] : $http.adornData(ids, false) cannot be resolved.
2020-07-23 14:03:02,609 - ResourceManager : found template/add-or-update.vue.vm with loader org.apache.velocity.runtime.resource.loader.ClasspathResourceLoader
2020-07-23 14:03:02,610 - Null reference [template 'template/add-or-update.vue.vm', line 53, column 14] : $nextTick cannot be resolved.
2020-07-23 14:03:02,610 - Null reference [template 'template/add-or-update.vue.vm', line 54, column 16] : $refs['dataForm'].resetFields() cannot be resolved.
2020-07-23 14:03:02,610 - Null reference [template 'template/add-or-update.vue.vm', line 56, column 18] : $http cannot be resolved.
2020-07-23 14:03:02,610 - Null reference [template 'template/add-or-update.vue.vm', line 76, column 18] : $http cannot be resolved.
